<?xml version="1.0" encoding="UTF-8"?>
<!-- Generated by org.testng.reporters.JUnitReportReporter -->
<testsuite skipped="0" hostname="KolaFreakKL40" name="test.TutorComLoginPageTest" tests="2" failures="0" timestamp="2021-07-30T16:55:51 IST" time="1.944" errors="0">
  <testcase name="nonUserLoginTest" time="1.437" classname="test.TutorComLoginPageTest"/>
  <system-out/>
  <testcase name="adminLoginTest" time="0.507" classname="test.TutorComLoginPageTest"/>
  <system-out/>
</testsuite> <!-- test.TutorComLoginPageTest -->
