<?xml version="1.0" encoding="UTF-8"?>
<!-- Generated by org.testng.reporters.JUnitReportReporter -->
<testsuite skipped="0" hostname="KolaFreakKL40" name="test.GoogleSearchPageTest" tests="1" failures="0" timestamp="2021-07-30T12:15:05 IST" time="2.320" errors="0">
  <testcase name="googleSearchTest" time="2.320" classname="test.GoogleSearchPageTest"/>
  <system-out/>
</testsuite> <!-- test.GoogleSearchPageTest -->
