<?xml version="1.0" encoding="UTF-8"?>
<!-- Generated by org.testng.reporters.JUnitReportReporter -->
<testsuite skipped="0" hostname="KolaFreakKL40" name="NewTest" tests="1" failures="0" timestamp="2021-07-30T12:28:17 IST" time="0.001" errors="0">
  <testcase name="f" time="0.001" classname="NewTest"/>
  <system-out/>
</testsuite> <!-- NewTest -->
